Using pre-set license
Built from '2020.3/staging' branch; Version is '2020.3.11f1 (99c7afb366b3) revision 10078127'; Using compiler version '192528614'; Build Type 'Release'
OS: 'Windows 10 Pro; OS build 19043.1766; Version 2009; 64bit' Language: 'ru' Physical Memory: 14274 MB
BatchMode: 1, IsHumanControllingUs: 0, StartBugReporterOnCrash: 0, Is64bit: 1, IsPro: 0

 COMMAND LINE ARGUMENTS:
C:\Program Files\Unity\Editor\2020.3.11f1\Editor\Unity.exe
-adb2
-batchMode
-noUpm
-name
AssetImportWorker0
-projectPath
M:/Projects/Projects_Unity/TestTaskForEudokiaGames/TestTask
-logFile
Logs/AssetImportWorker0.log
-srvPort
52176
Successfully changed project path to: M:/Projects/Projects_Unity/TestTaskForEudokiaGames/TestTask
M:/Projects/Projects_Unity/TestTaskForEudokiaGames/TestTask
Using Asset Import Pipeline V2.
Refreshing native plugins compatible for Editor in 42.20 ms, found 2 plugins.
Preloading 0 native plugins for Editor in 0.00 ms.
Initialize engine version: 2020.3.11f1 (99c7afb366b3)
[Subsystems] Discovering subsystems at path C:/Program Files/Unity/Editor/2020.3.11f1/Editor/Data/Resources/UnitySubsystems
[Subsystems] Discovering subsystems at path M:/Projects/Projects_Unity/TestTaskForEudokiaGames/TestTask/Assets
GfxDevice: creating device client; threaded=0
Direct3D:
    Version:  Direct3D 11.0 [level 11.1]
    Renderer: NVIDIA GeForce GTX 1050 Ti (ID=0x1c8c)
    Vendor:   
    VRAM:     4021 MB
    Driver:   27.21.14.5167
Initialize mono
Mono path[0] = 'C:/Program Files/Unity/Editor/2020.3.11f1/Editor/Data/Managed'
Mono path[1] = 'C:/Program Files/Unity/Editor/2020.3.11f1/Editor/Data/MonoBleedingEdge/lib/mono/unityjit'
Mono config path = 'C:/Program Files/Unity/Editor/2020.3.11f1/Editor/Data/MonoBleedingEdge/etc'
Using monoOptions --debugger-agent=transport=dt_socket,embedding=1,server=y,suspend=n,address=127.0.0.1:56440
Begin MonoManager ReloadAssembly
Registering precompiled unity dll's ...
Register platform support module: C:/Program Files/Unity/Editor/2020.3.11f1/Editor/Data/PlaybackEngines/WindowsStandaloneSupport/UnityEditor.WindowsStandalone.Extensions.dll
Registered in 0.005535 seconds.
Native extension for WindowsStandalone target not found
Refreshing native plugins compatible for Editor in 34.22 ms, found 2 plugins.
Preloading 0 native plugins for Editor in 0.00 ms.
Mono: successfully reloaded assembly
- Completed reload, in  5.172 seconds
Platform modules already initialized, skipping
Registering precompiled user dll's ...
Registered in 0.005629 seconds.
Begin MonoManager ReloadAssembly
Native extension for WindowsStandalone target not found
Refreshing native plugins compatible for Editor in 0.41 ms, found 2 plugins.
Preloading 0 native plugins for Editor in 0.00 ms.
Mono: successfully reloaded assembly
- Completed reload, in  1.473 seconds
Platform modules already initialized, skipping
========================================================================
Worker process is ready to serve import requests
Launched and connected shader compiler UnityShaderCompiler.exe after 0.06 seconds
Refreshing native plugins compatible for Editor in 0.38 ms, found 2 plugins.
Preloading 0 native plugins for Editor in 0.00 ms.
Unloading 1398 Unused Serialized files (Serialized files now loaded: 0)
System memory in use before: 65.6 MB.
System memory in use after: 65.6 MB.

Unloading 19 unused Assets to reduce memory usage. Loaded Objects now: 1835.
Total: 5.049700 ms (FindLiveObjects: 0.624600 ms CreateObjectMapping: 0.131900 ms MarkObjects: 4.170600 ms  DeleteObjects: 0.120300 ms)

========================================================================
Received Prepare
Refreshing native plugins compatible for Editor in 4.79 ms, found 2 plugins.
Preloading 0 native plugins for Editor in 0.00 ms.
Unloading 12 Unused Serialized files (Serialized files now loaded: 0)
System memory in use before: 38.0 MB.
System memory in use after: 38.1 MB.

Unloading 12 unused Assets to reduce memory usage. Loaded Objects now: 1835.
Total: 3.628600 ms (FindLiveObjects: 0.379900 ms CreateObjectMapping: 0.166300 ms MarkObjects: 3.005900 ms  DeleteObjects: 0.074100 ms)

========================================================================
Received Import Request.
  path: Assets/Scenes/StartScene.unity
  artifactKey: Guid(f8d2bb1ff1e6fa148949f6c18972b929) Importer(815301076,1909f56bfc062723c751e8b465ee728b)
Start importing Assets/Scenes/StartScene.unity using Guid(f8d2bb1ff1e6fa148949f6c18972b929) Importer(815301076,1909f56bfc062723c751e8b465ee728b)  -> (artifact id: '33736e26d79804fa5b31c5178fff1453') in 0.028463 seconds
  Import took 0.031627 seconds .

========================================================================
Received Import Request.
  Time since last request: 0.011823 seconds.
  path: Assets/Scenes/StartScene.unity
  artifactKey: Guid(f8d2bb1ff1e6fa148949f6c18972b929) Importer(815301076,1909f56bfc062723c751e8b465ee728b)
Start importing Assets/Scenes/StartScene.unity using Guid(f8d2bb1ff1e6fa148949f6c18972b929) Importer(815301076,1909f56bfc062723c751e8b465ee728b)  -> (artifact id: '33736e26d79804fa5b31c5178fff1453') in 0.004464 seconds
  Import took 0.007878 seconds .

========================================================================
Received Import Request.
  Time since last request: 626.896595 seconds.
  path: Assets/Pictures/button.png
  artifactKey: Guid(b4d2a9e1d18fa4c41bc676e5a8a9a92f) Importer(815301076,1909f56bfc062723c751e8b465ee728b)
Start importing Assets/Pictures/button.png using Guid(b4d2a9e1d18fa4c41bc676e5a8a9a92f) Importer(815301076,1909f56bfc062723c751e8b465ee728b)  -> (artifact id: '4f6d3a46e1091cd242c1d5ceef6d8276') in 0.077061 seconds
  Import took 0.080341 seconds .

========================================================================
Received Import Request.
  Time since last request: 0.003044 seconds.
  path: Assets/Pictures/button.png
  artifactKey: Guid(b4d2a9e1d18fa4c41bc676e5a8a9a92f) Importer(815301076,1909f56bfc062723c751e8b465ee728b)
Start importing Assets/Pictures/button.png using Guid(b4d2a9e1d18fa4c41bc676e5a8a9a92f) Importer(815301076,1909f56bfc062723c751e8b465ee728b)  -> (artifact id: '4f6d3a46e1091cd242c1d5ceef6d8276') in 0.009413 seconds
  Import took 0.012469 seconds .

========================================================================
Received Import Request.
  Time since last request: 9.486229 seconds.
  path: Assets/Pictures/button.png
  artifactKey: Guid(b4d2a9e1d18fa4c41bc676e5a8a9a92f) Importer(815301076,1909f56bfc062723c751e8b465ee728b)
Start importing Assets/Pictures/button.png using Guid(b4d2a9e1d18fa4c41bc676e5a8a9a92f) Importer(815301076,1909f56bfc062723c751e8b465ee728b)  -> (artifact id: '64027e57aeaac9e3c3890b49f3e779ea') in 0.099717 seconds
  Import took 0.103749 seconds .

========================================================================
Received Import Request.
  Time since last request: 144.547480 seconds.
  path: Assets/Ащтеы
  artifactKey: Guid(9a1b0779ee4dac545987c5b63967eacb) Importer(815301076,1909f56bfc062723c751e8b465ee728b)
Start importing Assets/Ащтеы using Guid(9a1b0779ee4dac545987c5b63967eacb) Importer(815301076,1909f56bfc062723c751e8b465ee728b)  -> (artifact id: 'd582cbaa84bcf9bac97ae491c0722fde') in 0.006758 seconds
  Import took 0.010512 seconds .

========================================================================
Received Import Request.
  Time since last request: 6.295593 seconds.
  path: Assets/Fonts
  artifactKey: Guid(9a1b0779ee4dac545987c5b63967eacb) Importer(815301076,1909f56bfc062723c751e8b465ee728b)
Start importing Assets/Fonts using Guid(9a1b0779ee4dac545987c5b63967eacb) Importer(815301076,1909f56bfc062723c751e8b465ee728b)  -> (artifact id: '9068bfb417e63fbbfbbf4e399d288fb6') in 0.002564 seconds
  Import took 0.005514 seconds .

========================================================================
Received Import Request.
  Time since last request: 1.184640 seconds.
  path: Assets/New Physic Material.physicMaterial
  artifactKey: Guid(29bdff85587db1f49b2145fc45e6cd94) Importer(815301076,1909f56bfc062723c751e8b465ee728b)
Start importing Assets/New Physic Material.physicMaterial using Guid(29bdff85587db1f49b2145fc45e6cd94) Importer(815301076,1909f56bfc062723c751e8b465ee728b)  -> (artifact id: '775c5c6298e456db235d91f77119b1c4') in 0.012011 seconds
  Import took 0.014991 seconds .

========================================================================
Received Import Request.
  Time since last request: 0.000767 seconds.
  path: Assets/New Physic Material.physicMaterial
  artifactKey: Guid(29bdff85587db1f49b2145fc45e6cd94) Importer(815301076,1909f56bfc062723c751e8b465ee728b)
Start importing Assets/New Physic Material.physicMaterial using Guid(29bdff85587db1f49b2145fc45e6cd94) Importer(815301076,1909f56bfc062723c751e8b465ee728b)  -> (artifact id: '775c5c6298e456db235d91f77119b1c4') in 0.002933 seconds
  Import took 0.005571 seconds .

========================================================================
Received Import Request.
  Time since last request: 32.408846 seconds.
  path: Assets/Fonts/Splash-Regular.ttf
  artifactKey: Guid(5ca370ee8fb16cd4dac77864ee159359) Importer(815301076,1909f56bfc062723c751e8b465ee728b)
Start importing Assets/Fonts/Splash-Regular.ttf using Guid(5ca370ee8fb16cd4dac77864ee159359) Importer(815301076,1909f56bfc062723c751e8b465ee728b)  -> (artifact id: 'f8a760a9ca7a02161a8a1977bdd3fe04') in 0.075400 seconds
  Import took 0.078616 seconds .

========================================================================
Received Import Request.
  Time since last request: 0.003535 seconds.
  path: Assets/Fonts/Splash-Regular.ttf
  artifactKey: Guid(5ca370ee8fb16cd4dac77864ee159359) Importer(815301076,1909f56bfc062723c751e8b465ee728b)
Start importing Assets/Fonts/Splash-Regular.ttf using Guid(5ca370ee8fb16cd4dac77864ee159359) Importer(815301076,1909f56bfc062723c751e8b465ee728b)  -> (artifact id: 'f8a760a9ca7a02161a8a1977bdd3fe04') in 0.019507 seconds
  Import took 0.022965 seconds .

========================================================================
Received Prepare
Registering precompiled user dll's ...
Registered in 0.005237 seconds.
Begin MonoManager ReloadAssembly
Native extension for WindowsStandalone target not found
Refreshing native plugins compatible for Editor in 0.39 ms, found 2 plugins.
Preloading 0 native plugins for Editor in 0.00 ms.
Mono: successfully reloaded assembly
- Completed reload, in  1.367 seconds
Platform modules already initialized, skipping
Refreshing native plugins compatible for Editor in 0.38 ms, found 2 plugins.
Preloading 0 native plugins for Editor in 0.00 ms.
Unloading 1394 Unused Serialized files (Serialized files now loaded: 0)
System memory in use before: 69.0 MB.
System memory in use after: 69.0 MB.

Unloading 14 unused Assets to reduce memory usage. Loaded Objects now: 1887.
Total: 2.491000 ms (FindLiveObjects: 0.191500 ms CreateObjectMapping: 0.041400 ms MarkObjects: 2.183100 ms  DeleteObjects: 0.073200 ms)

========================================================================
Received Import Request.
  Time since last request: 789.017296 seconds.
  path: Assets/Scenes/SampleScene.unity
  artifactKey: Guid(9fc0d4010bbf28b4594072e72b8655ab) Importer(815301076,1909f56bfc062723c751e8b465ee728b)
Start importing Assets/Scenes/SampleScene.unity using Guid(9fc0d4010bbf28b4594072e72b8655ab) Importer(815301076,1909f56bfc062723c751e8b465ee728b)  -> (artifact id: 'ce2eaaf837f78ffe61b2dd23362110b5') in 0.014620 seconds
  Import took 0.017633 seconds .

========================================================================
Received Import Request.
  Time since last request: 6.902611 seconds.
  path: Assets/Scenes/Level1.unity
  artifactKey: Guid(9fc0d4010bbf28b4594072e72b8655ab) Importer(815301076,1909f56bfc062723c751e8b465ee728b)
Start importing Assets/Scenes/Level1.unity using Guid(9fc0d4010bbf28b4594072e72b8655ab) Importer(815301076,1909f56bfc062723c751e8b465ee728b)  -> (artifact id: '04bcc64cddd47660ecec7ce12a040478') in 0.003552 seconds
  Import took 0.007187 seconds .

========================================================================
Received Import Request.
  Time since last request: 10.635402 seconds.
  path: Assets/Scenes/StartScene.unity
  artifactKey: Guid(f8d2bb1ff1e6fa148949f6c18972b929) Importer(815301076,1909f56bfc062723c751e8b465ee728b)
Start importing Assets/Scenes/StartScene.unity using Guid(f8d2bb1ff1e6fa148949f6c18972b929) Importer(815301076,1909f56bfc062723c751e8b465ee728b)  -> (artifact id: 'd9ae891690a6cf588d7b628354b5fa9a') in 0.003852 seconds
  Import took 0.012800 seconds .

========================================================================
Received Prepare
Registering precompiled user dll's ...
Registered in 0.005019 seconds.
Begin MonoManager ReloadAssembly
Native extension for WindowsStandalone target not found
Refreshing native plugins compatible for Editor in 0.38 ms, found 2 plugins.
Preloading 0 native plugins for Editor in 0.00 ms.
Mono: successfully reloaded assembly
- Completed reload, in  1.411 seconds
Platform modules already initialized, skipping
Refreshing native plugins compatible for Editor in 0.38 ms, found 2 plugins.
Preloading 0 native plugins for Editor in 0.00 ms.
Unloading 1394 Unused Serialized files (Serialized files now loaded: 0)
System memory in use before: 69.0 MB.
System memory in use after: 69.1 MB.

Unloading 14 unused Assets to reduce memory usage. Loaded Objects now: 1890.
Total: 2.859000 ms (FindLiveObjects: 0.188200 ms CreateObjectMapping: 0.076800 ms MarkObjects: 2.522400 ms  DeleteObjects: 0.069800 ms)

========================================================================
Received Import Request.
  Time since last request: 312.913162 seconds.
  path: Assets/Fonts/PermanentMarker-Regular.ttf
  artifactKey: Guid(cd8ac02294a17c745a68ad27fcc1ceac) Importer(815301076,1909f56bfc062723c751e8b465ee728b)
Start importing Assets/Fonts/PermanentMarker-Regular.ttf using Guid(cd8ac02294a17c745a68ad27fcc1ceac) Importer(815301076,1909f56bfc062723c751e8b465ee728b)  -> (artifact id: '83c62ee5f618e2cc41eaf5f83086f487') in 0.122192 seconds
  Import took 0.126230 seconds .

========================================================================
Received Import Request.
  Time since last request: 31.754030 seconds.
  path: Assets/Scenes/StartScene.unity
  artifactKey: Guid(f8d2bb1ff1e6fa148949f6c18972b929) Importer(815301076,1909f56bfc062723c751e8b465ee728b)
Start importing Assets/Scenes/StartScene.unity using Guid(f8d2bb1ff1e6fa148949f6c18972b929) Importer(815301076,1909f56bfc062723c751e8b465ee728b)  -> (artifact id: '67c86fd77e35c2a452d809564608de4a') in 0.003073 seconds
  Import took 0.011486 seconds .

========================================================================
Received Prepare
Registering precompiled user dll's ...
Registered in 0.005521 seconds.
Begin MonoManager ReloadAssembly
Native extension for WindowsStandalone target not found
Refreshing native plugins compatible for Editor in 0.38 ms, found 2 plugins.
Preloading 0 native plugins for Editor in 0.00 ms.
Mono: successfully reloaded assembly
- Completed reload, in  1.412 seconds
Platform modules already initialized, skipping
Refreshing native plugins compatible for Editor in 0.55 ms, found 2 plugins.
Preloading 0 native plugins for Editor in 0.00 ms.
Unloading 1394 Unused Serialized files (Serialized files now loaded: 0)
System memory in use before: 69.0 MB.
System memory in use after: 69.1 MB.

Unloading 14 unused Assets to reduce memory usage. Loaded Objects now: 1895.
Total: 2.617000 ms (FindLiveObjects: 0.205000 ms CreateObjectMapping: 0.047300 ms MarkObjects: 2.293400 ms  DeleteObjects: 0.069400 ms)

========================================================================
Received Import Request.
  Time since last request: 473.396861 seconds.
  path: Assets/Pictures/record.png
  artifactKey: Guid(93ac43e3ee3272444893f847912226a4) Importer(815301076,1909f56bfc062723c751e8b465ee728b)
Start importing Assets/Pictures/record.png using Guid(93ac43e3ee3272444893f847912226a4) Importer(815301076,1909f56bfc062723c751e8b465ee728b)  -> (artifact id: '3c3dc1da50e4b8ea5db0a32a4353b321') in 0.043316 seconds
  Import took 0.047410 seconds .

========================================================================
Received Import Request.
  Time since last request: 0.037911 seconds.
  path: Assets/Pictures/record.png
  artifactKey: Guid(93ac43e3ee3272444893f847912226a4) Importer(815301076,1909f56bfc062723c751e8b465ee728b)
Start importing Assets/Pictures/record.png using Guid(93ac43e3ee3272444893f847912226a4) Importer(815301076,1909f56bfc062723c751e8b465ee728b)  -> (artifact id: '3c3dc1da50e4b8ea5db0a32a4353b321') in 0.009123 seconds
  Import took 0.013249 seconds .

========================================================================
Received Import Request.
  Time since last request: 4.089775 seconds.
  path: Assets/Pictures/record.png
  artifactKey: Guid(93ac43e3ee3272444893f847912226a4) Importer(815301076,1909f56bfc062723c751e8b465ee728b)
Start importing Assets/Pictures/record.png using Guid(93ac43e3ee3272444893f847912226a4) Importer(815301076,1909f56bfc062723c751e8b465ee728b)  -> (artifact id: '47f5c036089af2a5dc4230839788c4a5') in 0.017360 seconds
  Import took 0.021668 seconds .

========================================================================
Received Import Request.
  Time since last request: 42.990910 seconds.
  path: Assets/Pictures/record.png
  artifactKey: Guid(93ac43e3ee3272444893f847912226a4) Importer(815301076,1909f56bfc062723c751e8b465ee728b)
Start importing Assets/Pictures/record.png using Guid(93ac43e3ee3272444893f847912226a4) Importer(815301076,1909f56bfc062723c751e8b465ee728b)  -> (artifact id: 'e66d1f0b244dae2971b506c8eaac538d') in 0.047167 seconds
  Import took 0.050473 seconds .

========================================================================
Received Import Request.
  Time since last request: 192.481902 seconds.
  path: Assets/Scenes/Level1.unity
  artifactKey: Guid(9fc0d4010bbf28b4594072e72b8655ab) Importer(815301076,1909f56bfc062723c751e8b465ee728b)
Start importing Assets/Scenes/Level1.unity using Guid(9fc0d4010bbf28b4594072e72b8655ab) Importer(815301076,1909f56bfc062723c751e8b465ee728b)  -> (artifact id: 'be12dd9d734ac01429d6cc9b2a2eaea6') in 0.003095 seconds
  Import took 0.006499 seconds .

========================================================================
Received Import Request.
  Time since last request: 0.001556 seconds.
  path: Assets/Scenes/Level1.unity
  artifactKey: Guid(9fc0d4010bbf28b4594072e72b8655ab) Importer(815301076,1909f56bfc062723c751e8b465ee728b)
Start importing Assets/Scenes/Level1.unity using Guid(9fc0d4010bbf28b4594072e72b8655ab) Importer(815301076,1909f56bfc062723c751e8b465ee728b)  -> (artifact id: 'be12dd9d734ac01429d6cc9b2a2eaea6') in 0.007717 seconds
  Import took 0.011246 seconds .

========================================================================
Received Import Request.
  Time since last request: 341.218384 seconds.
  path: Assets/Scenes/StartScene.unity
  artifactKey: Guid(f8d2bb1ff1e6fa148949f6c18972b929) Importer(815301076,1909f56bfc062723c751e8b465ee728b)
Start importing Assets/Scenes/StartScene.unity using Guid(f8d2bb1ff1e6fa148949f6c18972b929) Importer(815301076,1909f56bfc062723c751e8b465ee728b)  -> (artifact id: 'f461cfc1ea03aea3a5a75a7fb11244be') in 0.003312 seconds
  Import took 0.007856 seconds .

========================================================================
Received Import Request.
  Time since last request: 0.002201 seconds.
  path: Assets/Scenes/StartScene.unity
  artifactKey: Guid(f8d2bb1ff1e6fa148949f6c18972b929) Importer(815301076,1909f56bfc062723c751e8b465ee728b)
Start importing Assets/Scenes/StartScene.unity using Guid(f8d2bb1ff1e6fa148949f6c18972b929) Importer(815301076,1909f56bfc062723c751e8b465ee728b)  -> (artifact id: 'f461cfc1ea03aea3a5a75a7fb11244be') in 0.004286 seconds
  Import took 0.007815 seconds .

========================================================================
Received Prepare
Registering precompiled user dll's ...
Registered in 0.006102 seconds.
Begin MonoManager ReloadAssembly
Native extension for WindowsStandalone target not found
Refreshing native plugins compatible for Editor in 0.39 ms, found 2 plugins.
Preloading 0 native plugins for Editor in 0.00 ms.
Mono: successfully reloaded assembly
- Completed reload, in  1.425 seconds
Platform modules already initialized, skipping
Refreshing native plugins compatible for Editor in 0.50 ms, found 2 plugins.
Preloading 0 native plugins for Editor in 0.00 ms.
Unloading 1394 Unused Serialized files (Serialized files now loaded: 0)
System memory in use before: 69.1 MB.
System memory in use after: 69.2 MB.

Unloading 14 unused Assets to reduce memory usage. Loaded Objects now: 1902.
Total: 2.766500 ms (FindLiveObjects: 0.188800 ms CreateObjectMapping: 0.041600 ms MarkObjects: 2.452300 ms  DeleteObjects: 0.082200 ms)

========================================================================
Received Import Request.
  Time since last request: 1123.192169 seconds.
  path: Assets/Pictures/author.png
  artifactKey: Guid(a39329678d8c24e4cb4e9c0caf6c4f32) Importer(815301076,1909f56bfc062723c751e8b465ee728b)
Start importing Assets/Pictures/author.png using Guid(a39329678d8c24e4cb4e9c0caf6c4f32) Importer(815301076,1909f56bfc062723c751e8b465ee728b)  -> (artifact id: 'c1f6a385a7c621e70ce4f9a923a5c75f') in 0.065640 seconds
  Import took 0.072576 seconds .

========================================================================
Received Import Request.
  Time since last request: 6.040894 seconds.
  path: Assets/Pictures/author.png
  artifactKey: Guid(a39329678d8c24e4cb4e9c0caf6c4f32) Importer(815301076,1909f56bfc062723c751e8b465ee728b)
Start importing Assets/Pictures/author.png using Guid(a39329678d8c24e4cb4e9c0caf6c4f32) Importer(815301076,1909f56bfc062723c751e8b465ee728b)  -> (artifact id: '64f631e23da58cac4a603d3e7096829b') in 0.055417 seconds
  Import took 0.059678 seconds .

========================================================================
Received Prepare
Registering precompiled user dll's ...
Registered in 0.029132 seconds.
Begin MonoManager ReloadAssembly
Native extension for WindowsStandalone target not found
Refreshing native plugins compatible for Editor in 0.44 ms, found 2 plugins.
Preloading 0 native plugins for Editor in 0.00 ms.
Mono: successfully reloaded assembly
- Completed reload, in  2.064 seconds
Platform modules already initialized, skipping
Refreshing native plugins compatible for Editor in 0.50 ms, found 2 plugins.
Preloading 0 native plugins for Editor in 0.00 ms.
Unloading 1394 Unused Serialized files (Serialized files now loaded: 0)
System memory in use before: 69.1 MB.
System memory in use after: 69.2 MB.

Unloading 14 unused Assets to reduce memory usage. Loaded Objects now: 1906.
Total: 4.237800 ms (FindLiveObjects: 0.238100 ms CreateObjectMapping: 0.046300 ms MarkObjects: 3.860700 ms  DeleteObjects: 0.090600 ms)

========================================================================
Received Prepare
Registering precompiled user dll's ...
Registered in 0.004369 seconds.
Begin MonoManager ReloadAssembly
Native extension for WindowsStandalone target not found
Refreshing native plugins compatible for Editor in 0.38 ms, found 2 plugins.
Preloading 0 native plugins for Editor in 0.00 ms.
Mono: successfully reloaded assembly
- Completed reload, in  1.404 seconds
Platform modules already initialized, skipping
Refreshing native plugins compatible for Editor in 0.50 ms, found 2 plugins.
Preloading 0 native plugins for Editor in 0.00 ms.
Unloading 1394 Unused Serialized files (Serialized files now loaded: 0)
System memory in use before: 69.1 MB.
System memory in use after: 69.2 MB.

Unloading 14 unused Assets to reduce memory usage. Loaded Objects now: 1909.
Total: 2.526700 ms (FindLiveObjects: 0.237600 ms CreateObjectMapping: 0.044300 ms MarkObjects: 2.171500 ms  DeleteObjects: 0.071400 ms)

========================================================================
Received Import Request.
  Time since last request: 946.263259 seconds.
  path: Assets/Scenes/Level1.unity
  artifactKey: Guid(9fc0d4010bbf28b4594072e72b8655ab) Importer(815301076,1909f56bfc062723c751e8b465ee728b)
Start importing Assets/Scenes/Level1.unity using Guid(9fc0d4010bbf28b4594072e72b8655ab) Importer(815301076,1909f56bfc062723c751e8b465ee728b)  -> (artifact id: '9aa3bd08e1257f920b143cdf860362d9') in 0.015976 seconds
  Import took 0.023979 seconds .

========================================================================
Received Prepare
Registering precompiled user dll's ...
Registered in 0.004890 seconds.
Begin MonoManager ReloadAssembly
Native extension for WindowsStandalone target not found
Refreshing native plugins compatible for Editor in 0.39 ms, found 2 plugins.
Preloading 0 native plugins for Editor in 0.00 ms.
Mono: successfully reloaded assembly
- Completed reload, in  1.757 seconds
Platform modules already initialized, skipping
Refreshing native plugins compatible for Editor in 0.52 ms, found 2 plugins.
Preloading 0 native plugins for Editor in 0.00 ms.
Unloading 1393 Unused Serialized files (Serialized files now loaded: 0)
System memory in use before: 69.1 MB.
System memory in use after: 69.2 MB.

Unloading 15 unused Assets to reduce memory usage. Loaded Objects now: 1911.
Total: 2.982700 ms (FindLiveObjects: 0.240400 ms CreateObjectMapping: 0.044600 ms MarkObjects: 2.617100 ms  DeleteObjects: 0.078900 ms)

========================================================================
Received Prepare
Registering precompiled user dll's ...
Registered in 0.006185 seconds.
Begin MonoManager ReloadAssembly
Native extension for WindowsStandalone target not found
Refreshing native plugins compatible for Editor in 0.44 ms, found 2 plugins.
Preloading 0 native plugins for Editor in 0.00 ms.
Mono: successfully reloaded assembly
- Completed reload, in  1.493 seconds
Platform modules already initialized, skipping
Refreshing native plugins compatible for Editor in 0.37 ms, found 2 plugins.
Preloading 0 native plugins for Editor in 0.00 ms.
Unloading 1393 Unused Serialized files (Serialized files now loaded: 0)
System memory in use before: 69.1 MB.
System memory in use after: 69.2 MB.

Unloading 14 unused Assets to reduce memory usage. Loaded Objects now: 1914.
Total: 2.679200 ms (FindLiveObjects: 0.203900 ms CreateObjectMapping: 0.042800 ms MarkObjects: 2.354300 ms  DeleteObjects: 0.076200 ms)

========================================================================
Received Prepare
Registering precompiled user dll's ...
Registered in 0.004939 seconds.
Begin MonoManager ReloadAssembly
Native extension for WindowsStandalone target not found
Refreshing native plugins compatible for Editor in 0.59 ms, found 2 plugins.
Preloading 0 native plugins for Editor in 0.00 ms.
Mono: successfully reloaded assembly
- Completed reload, in  1.510 seconds
Platform modules already initialized, skipping
Refreshing native plugins compatible for Editor in 0.37 ms, found 2 plugins.
Preloading 0 native plugins for Editor in 0.00 ms.
Unloading 1393 Unused Serialized files (Serialized files now loaded: 0)
System memory in use before: 69.1 MB.
System memory in use after: 69.2 MB.

Unloading 14 unused Assets to reduce memory usage. Loaded Objects now: 1917.
Total: 4.469000 ms (FindLiveObjects: 0.342900 ms CreateObjectMapping: 0.174700 ms MarkObjects: 3.852200 ms  DeleteObjects: 0.096900 ms)

========================================================================
Received Prepare
Registering precompiled user dll's ...
Registered in 0.005103 seconds.
Begin MonoManager ReloadAssembly
Native extension for WindowsStandalone target not found
Refreshing native plugins compatible for Editor in 1.48 ms, found 2 plugins.
Preloading 0 native plugins for Editor in 0.00 ms.
Mono: successfully reloaded assembly
- Completed reload, in  1.515 seconds
Platform modules already initialized, skipping
Refreshing native plugins compatible for Editor in 0.39 ms, found 2 plugins.
Preloading 0 native plugins for Editor in 0.00 ms.
Unloading 1393 Unused Serialized files (Serialized files now loaded: 0)
System memory in use before: 69.1 MB.
System memory in use after: 69.2 MB.

Unloading 14 unused Assets to reduce memory usage. Loaded Objects now: 1920.
Total: 2.886800 ms (FindLiveObjects: 0.237600 ms CreateObjectMapping: 0.048900 ms MarkObjects: 2.523000 ms  DeleteObjects: 0.075400 ms)

========================================================================
Received Import Request.
  Time since last request: 1008.162286 seconds.
  path: Assets/Scenes/StartScene.unity
  artifactKey: Guid(f8d2bb1ff1e6fa148949f6c18972b929) Importer(815301076,1909f56bfc062723c751e8b465ee728b)
Start importing Assets/Scenes/StartScene.unity using Guid(f8d2bb1ff1e6fa148949f6c18972b929) Importer(815301076,1909f56bfc062723c751e8b465ee728b)  -> (artifact id: '8be9fc2e9c219002d9863fbb5fff01f2') in 0.017846 seconds
  Import took 0.025441 seconds .

========================================================================
Received Prepare
Registering precompiled user dll's ...
Registered in 0.005779 seconds.
Begin MonoManager ReloadAssembly
Native extension for WindowsStandalone target not found
Refreshing native plugins compatible for Editor in 0.42 ms, found 2 plugins.
Preloading 0 native plugins for Editor in 0.00 ms.
Mono: successfully reloaded assembly
- Completed reload, in  1.659 seconds
Platform modules already initialized, skipping
Refreshing native plugins compatible for Editor in 0.49 ms, found 2 plugins.
Preloading 0 native plugins for Editor in 0.00 ms.
Unloading 1393 Unused Serialized files (Serialized files now loaded: 0)
System memory in use before: 69.1 MB.
System memory in use after: 69.2 MB.

Unloading 14 unused Assets to reduce memory usage. Loaded Objects now: 1923.
Total: 2.570300 ms (FindLiveObjects: 0.199900 ms CreateObjectMapping: 0.042000 ms MarkObjects: 2.247300 ms  DeleteObjects: 0.078500 ms)

========================================================================
Received Import Request.
  Time since last request: 29.240225 seconds.
  path: Assets/Scenes/Level1.unity
  artifactKey: Guid(9fc0d4010bbf28b4594072e72b8655ab) Importer(815301076,1909f56bfc062723c751e8b465ee728b)
Start importing Assets/Scenes/Level1.unity using Guid(9fc0d4010bbf28b4594072e72b8655ab) Importer(815301076,1909f56bfc062723c751e8b465ee728b)  -> (artifact id: '9daa6df1a6d7d653e9a728d0b7fca802') in 0.015500 seconds
  Import took 0.022902 seconds .

========================================================================
Received Prepare
Registering precompiled user dll's ...
Registered in 0.006212 seconds.
Begin MonoManager ReloadAssembly
Native extension for WindowsStandalone target not found
Refreshing native plugins compatible for Editor in 0.48 ms, found 2 plugins.
Preloading 0 native plugins for Editor in 0.00 ms.
Mono: successfully reloaded assembly
- Completed reload, in  1.376 seconds
Platform modules already initialized, skipping
Refreshing native plugins compatible for Editor in 0.51 ms, found 2 plugins.
Preloading 0 native plugins for Editor in 0.00 ms.
Unloading 1393 Unused Serialized files (Serialized files now loaded: 0)
System memory in use before: 69.1 MB.
System memory in use after: 69.2 MB.

Unloading 14 unused Assets to reduce memory usage. Loaded Objects now: 1926.
Total: 2.555200 ms (FindLiveObjects: 0.247700 ms CreateObjectMapping: 0.052200 ms MarkObjects: 1.834200 ms  DeleteObjects: 0.419600 ms)

========================================================================
Received Prepare
Registering precompiled user dll's ...
Registered in 0.003959 seconds.
Begin MonoManager ReloadAssembly
Native extension for WindowsStandalone target not found
Refreshing native plugins compatible for Editor in 0.45 ms, found 2 plugins.
Preloading 0 native plugins for Editor in 0.00 ms.
Mono: successfully reloaded assembly
- Completed reload, in  1.502 seconds
Platform modules already initialized, skipping
Refreshing native plugins compatible for Editor in 0.50 ms, found 2 plugins.
Preloading 0 native plugins for Editor in 0.00 ms.
Unloading 1393 Unused Serialized files (Serialized files now loaded: 0)
System memory in use before: 69.1 MB.
System memory in use after: 69.2 MB.

Unloading 14 unused Assets to reduce memory usage. Loaded Objects now: 1929.
Total: 2.806200 ms (FindLiveObjects: 0.196300 ms CreateObjectMapping: 0.042300 ms MarkObjects: 2.483000 ms  DeleteObjects: 0.082900 ms)

========================================================================
Received Prepare
Registering precompiled user dll's ...
Registered in 0.005042 seconds.
Begin MonoManager ReloadAssembly
Native extension for WindowsStandalone target not found
Refreshing native plugins compatible for Editor in 0.43 ms, found 2 plugins.
Preloading 0 native plugins for Editor in 0.00 ms.
Mono: successfully reloaded assembly
- Completed reload, in  1.465 seconds
Platform modules already initialized, skipping
Refreshing native plugins compatible for Editor in 0.39 ms, found 2 plugins.
Preloading 0 native plugins for Editor in 0.00 ms.
Unloading 1393 Unused Serialized files (Serialized files now loaded: 0)
System memory in use before: 69.1 MB.
System memory in use after: 69.2 MB.

Unloading 14 unused Assets to reduce memory usage. Loaded Objects now: 1932.
Total: 9.373600 ms (FindLiveObjects: 0.284200 ms CreateObjectMapping: 5.442000 ms MarkObjects: 3.552300 ms  DeleteObjects: 0.092500 ms)

========================================================================
Received Prepare
Registering precompiled user dll's ...
Registered in 0.004018 seconds.
Begin MonoManager ReloadAssembly
Native extension for WindowsStandalone target not found
Refreshing native plugins compatible for Editor in 0.39 ms, found 2 plugins.
Preloading 0 native plugins for Editor in 0.00 ms.
Mono: successfully reloaded assembly
- Completed reload, in  1.412 seconds
Platform modules already initialized, skipping
Refreshing native plugins compatible for Editor in 0.65 ms, found 2 plugins.
Preloading 0 native plugins for Editor in 0.00 ms.
Unloading 1393 Unused Serialized files (Serialized files now loaded: 0)
System memory in use before: 69.1 MB.
System memory in use after: 69.2 MB.

Unloading 14 unused Assets to reduce memory usage. Loaded Objects now: 1935.
Total: 3.682900 ms (FindLiveObjects: 0.276300 ms CreateObjectMapping: 0.076100 ms MarkObjects: 3.257500 ms  DeleteObjects: 0.070800 ms)

========================================================================
Received Prepare
Registering precompiled user dll's ...
Registered in 0.004697 seconds.
Begin MonoManager ReloadAssembly
Native extension for WindowsStandalone target not found
Refreshing native plugins compatible for Editor in 0.57 ms, found 2 plugins.
Preloading 0 native plugins for Editor in 0.00 ms.
Mono: successfully reloaded assembly
- Completed reload, in  1.814 seconds
Platform modules already initialized, skipping
Switching build target platform(19) subTarget(0) extendedPlatform(0) -> platform(13) subTarget(537395200) extendedPlatform(0)
Refreshing native plugins compatible for Editor in 0.49 ms, found 2 plugins.
Preloading 0 native plugins for Editor in 0.00 ms.
Unloading 1397 Unused Serialized files (Serialized files now loaded: 0)
System memory in use before: 69.0 MB.
System memory in use after: 69.1 MB.

Unloading 14 unused Assets to reduce memory usage. Loaded Objects now: 1938.
Total: 5.730600 ms (FindLiveObjects: 0.543400 ms CreateObjectMapping: 0.376000 ms MarkObjects: 4.702200 ms  DeleteObjects: 0.106300 ms)

AssetImportParameters requested are different than current active one (requested -> active):
  custom:graphics/normal-map-encoding: 01000000000000000000000000000000 -> 02000000000000000000000000000000
========================================================================
Received Prepare
Refreshing native plugins compatible for Editor in 7.14 ms, found 2 plugins.
Preloading 0 native plugins for Editor in 0.00 ms.
Unloading 12 Unused Serialized files (Serialized files now loaded: 0)
System memory in use before: 41.6 MB.
System memory in use after: 41.7 MB.

Unloading 12 unused Assets to reduce memory usage. Loaded Objects now: 1938.
Total: 4.227700 ms (FindLiveObjects: 0.439200 ms CreateObjectMapping: 0.202900 ms MarkObjects: 3.484100 ms  DeleteObjects: 0.099000 ms)

========================================================================
Received Import Request.
  Time since last request: 1336.911007 seconds.
  path: Assets/Pictures/arrow.png
  artifactKey: Guid(86bc322021e3a794ba206bbabb7c6f06) Importer(815301076,1909f56bfc062723c751e8b465ee728b)
Start importing Assets/Pictures/arrow.png using Guid(86bc322021e3a794ba206bbabb7c6f06) Importer(815301076,1909f56bfc062723c751e8b465ee728b)  -> (artifact id: 'eb8d5db691f5a3264681c3ae232a5f93') in 0.112971 seconds
  Import took 0.117323 seconds .

========================================================================
Received Import Request.
  Time since last request: 0.000371 seconds.
  path: Assets/Pictures/author.png
  artifactKey: Guid(a39329678d8c24e4cb4e9c0caf6c4f32) Importer(815301076,1909f56bfc062723c751e8b465ee728b)
Start importing Assets/Pictures/author.png using Guid(a39329678d8c24e4cb4e9c0caf6c4f32) Importer(815301076,1909f56bfc062723c751e8b465ee728b)  -> (artifact id: '3a48652488c7cd8e2e92ffaefd4f8ba1') in 0.033148 seconds
  Import took 0.036357 seconds .

========================================================================
Received Import Request.
  Time since last request: 0.000308 seconds.
  path: Assets/Pictures/kill.png
  artifactKey: Guid(9596f67f5d6edab4cb5b2b7c0c5c6e15) Importer(815301076,1909f56bfc062723c751e8b465ee728b)
Start importing Assets/Pictures/kill.png using Guid(9596f67f5d6edab4cb5b2b7c0c5c6e15) Importer(815301076,1909f56bfc062723c751e8b465ee728b)  -> (artifact id: '7e228272024a9768f2d9cfb6f6e20967') in 0.022631 seconds
  Import took 0.026127 seconds .

========================================================================
Received Import Request.
  Time since last request: 0.000301 seconds.
  path: Assets/Red Nebula Studios/RNLowPolyDungeonLite/Materials/Textures/RNLowPolyDungeon_Swatches_Purple.png
  artifactKey: Guid(654565f799b3fbf4b90a446effbfae63) Importer(815301076,1909f56bfc062723c751e8b465ee728b)
Start importing Assets/Red Nebula Studios/RNLowPolyDungeonLite/Materials/Textures/RNLowPolyDungeon_Swatches_Purple.png using Guid(654565f799b3fbf4b90a446effbfae63) Importer(815301076,1909f56bfc062723c751e8b465ee728b)  -> (artifact id: '8ee79f4616d504ecc46da2669c4d9ca1') in 0.012611 seconds
  Import took 0.015785 seconds .

========================================================================
Received Import Request.
  Time since last request: 0.000375 seconds.
  path: Assets/Pictures/button.png
  artifactKey: Guid(b4d2a9e1d18fa4c41bc676e5a8a9a92f) Importer(815301076,1909f56bfc062723c751e8b465ee728b)
Start importing Assets/Pictures/button.png using Guid(b4d2a9e1d18fa4c41bc676e5a8a9a92f) Importer(815301076,1909f56bfc062723c751e8b465ee728b)  -> (artifact id: 'e41d701020708b2c54c0c978e88bbb9e') in 0.013739 seconds
  Import took 0.017597 seconds .

========================================================================
Received Import Request.
  Time since last request: 0.000329 seconds.
  path: Assets/Red Nebula Studios/RNLowPolyDungeonLite/Scenes/Demo Scripts/cursor_target.png
  artifactKey: Guid(83bfa3f631b3aab4184176a933288410) Importer(815301076,1909f56bfc062723c751e8b465ee728b)
Start importing Assets/Red Nebula Studios/RNLowPolyDungeonLite/Scenes/Demo Scripts/cursor_target.png using Guid(83bfa3f631b3aab4184176a933288410) Importer(815301076,1909f56bfc062723c751e8b465ee728b)  -> (artifact id: '7ec69465668f9a9c48105fbb65d07cca') in 0.008274 seconds
  Import took 0.012694 seconds .

========================================================================
Received Import Request.
  Time since last request: 0.000481 seconds.
  path: Assets/Red Nebula Studios/RNLowPolyDungeonLite/Materials/Textures/Spiderweb_01.png
  artifactKey: Guid(eb1d974268bcab646a788e54eb9d7022) Importer(815301076,1909f56bfc062723c751e8b465ee728b)
Start importing Assets/Red Nebula Studios/RNLowPolyDungeonLite/Materials/Textures/Spiderweb_01.png using Guid(eb1d974268bcab646a788e54eb9d7022) Importer(815301076,1909f56bfc062723c751e8b465ee728b)  -> (artifact id: 'a0f188fdf2a7eabe66fdc90d1ae369a6') in 0.014756 seconds
  Import took 0.018781 seconds .

========================================================================
Received Import Request.
  Time since last request: 0.000296 seconds.
  path: Assets/Red Nebula Studios/RNLowPolyDungeonLite/Materials/Textures/Fire_01.png
  artifactKey: Guid(02a9a7dfbdb2e8a4088152544df23e76) Importer(815301076,1909f56bfc062723c751e8b465ee728b)
Start importing Assets/Red Nebula Studios/RNLowPolyDungeonLite/Materials/Textures/Fire_01.png using Guid(02a9a7dfbdb2e8a4088152544df23e76) Importer(815301076,1909f56bfc062723c751e8b465ee728b)  -> (artifact id: '2d98bb7a8a2222be4d0c66686ce701cd') in 0.016024 seconds
  Import took 0.019630 seconds .

========================================================================
Received Import Request.
  Time since last request: 0.000294 seconds.
  path: Assets/Pictures/spider theme.jpg
  artifactKey: Guid(f119fd5304f488448afdecb4ff8e4ffb) Importer(815301076,1909f56bfc062723c751e8b465ee728b)
Start importing Assets/Pictures/spider theme.jpg using Guid(f119fd5304f488448afdecb4ff8e4ffb) Importer(815301076,1909f56bfc062723c751e8b465ee728b)  -> (artifact id: '22b47a04c4624eb96eec460d1a2a7256') in 0.029167 seconds
  Import took 0.032718 seconds .

========================================================================
Received Import Request.
  Time since last request: 0.000328 seconds.
  path: Assets/Spiders/Textures/colorPalette.png
  artifactKey: Guid(99767cc13fbcb88418d8e9c657e46912) Importer(815301076,1909f56bfc062723c751e8b465ee728b)
Start importing Assets/Spiders/Textures/colorPalette.png using Guid(99767cc13fbcb88418d8e9c657e46912) Importer(815301076,1909f56bfc062723c751e8b465ee728b)  -> (artifact id: '3550d3978b676ac812a28aacb922a220') in 0.016865 seconds
  Import took 0.020408 seconds .

========================================================================
Received Import Request.
  Time since last request: 0.000366 seconds.
  path: Assets/Pictures/record.png
  artifactKey: Guid(93ac43e3ee3272444893f847912226a4) Importer(815301076,1909f56bfc062723c751e8b465ee728b)
Start importing Assets/Pictures/record.png using Guid(93ac43e3ee3272444893f847912226a4) Importer(815301076,1909f56bfc062723c751e8b465ee728b)  -> (artifact id: '26cc805081f2251c331f61d9672b264c') in 0.017191 seconds
  Import took 0.020527 seconds .

========================================================================
Received Import Request.
  Time since last request: 147.703261 seconds.
  path: Assets/Scenes/Level1.unity
  artifactKey: Guid(9fc0d4010bbf28b4594072e72b8655ab) Importer(815301076,1909f56bfc062723c751e8b465ee728b)
Start importing Assets/Scenes/Level1.unity using Guid(9fc0d4010bbf28b4594072e72b8655ab) Importer(815301076,1909f56bfc062723c751e8b465ee728b)  -> (artifact id: '4596698525d566e1eaf36eef694c2fba') in 0.005915 seconds
  Import took 0.011256 seconds .

========================================================================
Received Import Request.
  Time since last request: 0.016828 seconds.
  path: Assets/Scenes/Level1.unity
  artifactKey: Guid(9fc0d4010bbf28b4594072e72b8655ab) Importer(815301076,1909f56bfc062723c751e8b465ee728b)
Start importing Assets/Scenes/Level1.unity using Guid(9fc0d4010bbf28b4594072e72b8655ab) Importer(815301076,1909f56bfc062723c751e8b465ee728b)  -> (artifact id: '4596698525d566e1eaf36eef694c2fba') in 0.003941 seconds
  Import took 0.009511 seconds .

========================================================================
Received Prepare
Registering precompiled user dll's ...
Registered in 0.004953 seconds.
Begin MonoManager ReloadAssembly
Native extension for WindowsStandalone target not found
Refreshing native plugins compatible for Editor in 0.39 ms, found 2 plugins.
Preloading 0 native plugins for Editor in 0.00 ms.
Mono: successfully reloaded assembly
- Completed reload, in  1.826 seconds
Platform modules already initialized, skipping
Switching build target platform(19) subTarget(0) extendedPlatform(0) -> platform(13) subTarget(537395200) extendedPlatform(0)
Refreshing native plugins compatible for Editor in 0.60 ms, found 2 plugins.
Preloading 0 native plugins for Editor in 0.00 ms.
Unloading 1397 Unused Serialized files (Serialized files now loaded: 0)
System memory in use before: 69.0 MB.
System memory in use after: 69.1 MB.

Unloading 14 unused Assets to reduce memory usage. Loaded Objects now: 1948.
Total: 3.644700 ms (FindLiveObjects: 0.267400 ms CreateObjectMapping: 0.055200 ms MarkObjects: 3.239400 ms  DeleteObjects: 0.080900 ms)

AssetImportParameters requested are different than current active one (requested -> active):
  custom:graphics/normal-map-encoding: 01000000000000000000000000000000 -> 02000000000000000000000000000000
========================================================================
Received Import Request.
  Time since last request: 138.984196 seconds.
  path: Assets/Scenes/Level1.unity
  artifactKey: Guid(9fc0d4010bbf28b4594072e72b8655ab) Importer(815301076,1909f56bfc062723c751e8b465ee728b)
Start importing Assets/Scenes/Level1.unity using Guid(9fc0d4010bbf28b4594072e72b8655ab) Importer(815301076,1909f56bfc062723c751e8b465ee728b)  -> (artifact id: '1054c9182f7e584ff217689104257da3') in 0.030718 seconds
  Import took 0.036722 seconds .

========================================================================
Received Prepare
Registering precompiled user dll's ...
Registered in 0.004241 seconds.
Begin MonoManager ReloadAssembly
Native extension for WindowsStandalone target not found
Refreshing native plugins compatible for Editor in 0.39 ms, found 2 plugins.
Preloading 0 native plugins for Editor in 0.00 ms.
Mono: successfully reloaded assembly
- Completed reload, in  1.742 seconds
Platform modules already initialized, skipping
Switching build target platform(19) subTarget(0) extendedPlatform(0) -> platform(13) subTarget(537395200) extendedPlatform(0)
Refreshing native plugins compatible for Editor in 0.38 ms, found 2 plugins.
Preloading 0 native plugins for Editor in 0.00 ms.
Unloading 1397 Unused Serialized files (Serialized files now loaded: 0)
System memory in use before: 69.1 MB.
System memory in use after: 69.1 MB.

Unloading 14 unused Assets to reduce memory usage. Loaded Objects now: 1951.
Total: 2.173700 ms (FindLiveObjects: 0.188600 ms CreateObjectMapping: 0.036700 ms MarkObjects: 1.878700 ms  DeleteObjects: 0.068600 ms)

AssetImportParameters requested are different than current active one (requested -> active):
  custom:graphics/normal-map-encoding: 01000000000000000000000000000000 -> 02000000000000000000000000000000
========================================================================
Received Import Request.
  Time since last request: 13.092190 seconds.
  path: Assets/Scenes/Level1.unity
  artifactKey: Guid(9fc0d4010bbf28b4594072e72b8655ab) Importer(815301076,1909f56bfc062723c751e8b465ee728b)
Start importing Assets/Scenes/Level1.unity using Guid(9fc0d4010bbf28b4594072e72b8655ab) Importer(815301076,1909f56bfc062723c751e8b465ee728b)  -> (artifact id: '7d2efcf40a3862455064dc6de5ce9505') in 0.013662 seconds
  Import took 0.016735 seconds .

========================================================================
Received Prepare
Refreshing native plugins compatible for Editor in 3.63 ms, found 2 plugins.
Preloading 0 native plugins for Editor in 0.00 ms.
Unloading 12 Unused Serialized files (Serialized files now loaded: 0)
System memory in use before: 41.8 MB.
System memory in use after: 41.9 MB.

Unloading 12 unused Assets to reduce memory usage. Loaded Objects now: 1951.
Total: 3.093500 ms (FindLiveObjects: 0.181400 ms CreateObjectMapping: 0.034500 ms MarkObjects: 2.786900 ms  DeleteObjects: 0.088600 ms)

========================================================================
Received Prepare
Registering precompiled user dll's ...
Registered in 0.005069 seconds.
Begin MonoManager ReloadAssembly
Native extension for WindowsStandalone target not found
Refreshing native plugins compatible for Editor in 0.44 ms, found 2 plugins.
Preloading 0 native plugins for Editor in 0.00 ms.
Mono: successfully reloaded assembly
- Completed reload, in  1.969 seconds
Platform modules already initialized, skipping
Switching build target platform(19) subTarget(0) extendedPlatform(0) -> platform(13) subTarget(537395200) extendedPlatform(0)
Refreshing native plugins compatible for Editor in 0.38 ms, found 2 plugins.
Preloading 0 native plugins for Editor in 0.00 ms.
Unloading 1397 Unused Serialized files (Serialized files now loaded: 0)
System memory in use before: 69.1 MB.
System memory in use after: 69.2 MB.

Unloading 14 unused Assets to reduce memory usage. Loaded Objects now: 1954.
Total: 2.823900 ms (FindLiveObjects: 0.214400 ms CreateObjectMapping: 0.039400 ms MarkObjects: 2.491200 ms  DeleteObjects: 0.077300 ms)

AssetImportParameters requested are different than current active one (requested -> active):
  custom:graphics/normal-map-encoding: 01000000000000000000000000000000 -> 02000000000000000000000000000000
========================================================================
Received Prepare
Registering precompiled user dll's ...
Registered in 0.007253 seconds.
Begin MonoManager ReloadAssembly
Native extension for WindowsStandalone target not found
Refreshing native plugins compatible for Editor in 0.38 ms, found 2 plugins.
Preloading 0 native plugins for Editor in 0.00 ms.
Mono: successfully reloaded assembly
- Completed reload, in  1.869 seconds
Platform modules already initialized, skipping
Switching build target platform(19) subTarget(0) extendedPlatform(0) -> platform(13) subTarget(537395200) extendedPlatform(0)
Refreshing native plugins compatible for Editor in 0.49 ms, found 2 plugins.
Preloading 0 native plugins for Editor in 0.00 ms.
Unloading 1397 Unused Serialized files (Serialized files now loaded: 0)
System memory in use before: 69.1 MB.
System memory in use after: 69.2 MB.

Unloading 14 unused Assets to reduce memory usage. Loaded Objects now: 1957.
Total: 2.422400 ms (FindLiveObjects: 0.194900 ms CreateObjectMapping: 0.036100 ms MarkObjects: 2.117800 ms  DeleteObjects: 0.071900 ms)

AssetImportParameters requested are different than current active one (requested -> active):
  custom:graphics/normal-map-encoding: 01000000000000000000000000000000 -> 02000000000000000000000000000000
========================================================================
Received Prepare
Registering precompiled user dll's ...
Registered in 0.005989 seconds.
Begin MonoManager ReloadAssembly
Native extension for WindowsStandalone target not found
Refreshing native plugins compatible for Editor in 0.57 ms, found 2 plugins.
Preloading 0 native plugins for Editor in 0.00 ms.
Mono: successfully reloaded assembly
- Completed reload, in  1.898 seconds
Platform modules already initialized, skipping
Switching build target platform(19) subTarget(0) extendedPlatform(0) -> platform(13) subTarget(537395200) extendedPlatform(0)
Refreshing native plugins compatible for Editor in 0.37 ms, found 2 plugins.
Preloading 0 native plugins for Editor in 0.00 ms.
Unloading 1397 Unused Serialized files (Serialized files now loaded: 0)
System memory in use before: 69.1 MB.
System memory in use after: 69.2 MB.

Unloading 14 unused Assets to reduce memory usage. Loaded Objects now: 1960.
Total: 3.994400 ms (FindLiveObjects: 0.282200 ms CreateObjectMapping: 0.076500 ms MarkObjects: 3.528700 ms  DeleteObjects: 0.104800 ms)

AssetImportParameters requested are different than current active one (requested -> active):
  custom:graphics/normal-map-encoding: 01000000000000000000000000000000 -> 02000000000000000000000000000000
========================================================================
Received Prepare
Registering precompiled user dll's ...
Registered in 0.004093 seconds.
Begin MonoManager ReloadAssembly
Native extension for WindowsStandalone target not found
Refreshing native plugins compatible for Editor in 0.39 ms, found 2 plugins.
Preloading 0 native plugins for Editor in 0.00 ms.
Mono: successfully reloaded assembly
- Completed reload, in  1.925 seconds
Platform modules already initialized, skipping
Switching build target platform(19) subTarget(0) extendedPlatform(0) -> platform(13) subTarget(537395200) extendedPlatform(0)
Refreshing native plugins compatible for Editor in 0.49 ms, found 2 plugins.
Preloading 0 native plugins for Editor in 0.00 ms.
Unloading 1397 Unused Serialized files (Serialized files now loaded: 0)
System memory in use before: 69.1 MB.
System memory in use after: 69.2 MB.

Unloading 14 unused Assets to reduce memory usage. Loaded Objects now: 1963.
Total: 2.433300 ms (FindLiveObjects: 0.198300 ms CreateObjectMapping: 0.037400 ms MarkObjects: 2.125300 ms  DeleteObjects: 0.070500 ms)

AssetImportParameters requested are different than current active one (requested -> active):
  custom:graphics/normal-map-encoding: 01000000000000000000000000000000 -> 02000000000000000000000000000000
========================================================================
Received Prepare
Registering precompiled user dll's ...
Registered in 0.013342 seconds.
Begin MonoManager ReloadAssembly
Native extension for WindowsStandalone target not found
Refreshing native plugins compatible for Editor in 1.26 ms, found 2 plugins.
Preloading 0 native plugins for Editor in 0.00 ms.
Mono: successfully reloaded assembly
- Completed reload, in  1.716 seconds
Platform modules already initialized, skipping
Switching build target platform(19) subTarget(0) extendedPlatform(0) -> platform(13) subTarget(537395200) extendedPlatform(0)
Refreshing native plugins compatible for Editor in 0.38 ms, found 2 plugins.
Preloading 0 native plugins for Editor in 0.00 ms.
Unloading 1397 Unused Serialized files (Serialized files now loaded: 0)
System memory in use before: 69.1 MB.
System memory in use after: 69.2 MB.

Unloading 14 unused Assets to reduce memory usage. Loaded Objects now: 1966.
Total: 2.770100 ms (FindLiveObjects: 0.221800 ms CreateObjectMapping: 0.048800 ms MarkObjects: 2.419000 ms  DeleteObjects: 0.078700 ms)

AssetImportParameters requested are different than current active one (requested -> active):
  custom:graphics/normal-map-encoding: 01000000000000000000000000000000 -> 02000000000000000000000000000000
========================================================================
Received Prepare
Registering precompiled user dll's ...
Registered in 0.005035 seconds.
Begin MonoManager ReloadAssembly
Native extension for WindowsStandalone target not found
Refreshing native plugins compatible for Editor in 0.51 ms, found 2 plugins.
Preloading 0 native plugins for Editor in 0.00 ms.
Mono: successfully reloaded assembly
- Completed reload, in  1.893 seconds
Platform modules already initialized, skipping
Switching build target platform(19) subTarget(0) extendedPlatform(0) -> platform(13) subTarget(537395200) extendedPlatform(0)
Refreshing native plugins compatible for Editor in 0.58 ms, found 2 plugins.
Preloading 0 native plugins for Editor in 0.00 ms.
Unloading 1397 Unused Serialized files (Serialized files now loaded: 0)
System memory in use before: 69.1 MB.
System memory in use after: 69.2 MB.

Unloading 14 unused Assets to reduce memory usage. Loaded Objects now: 1969.
Total: 2.718600 ms (FindLiveObjects: 0.209800 ms CreateObjectMapping: 0.045600 ms MarkObjects: 2.381800 ms  DeleteObjects: 0.079200 ms)

AssetImportParameters requested are different than current active one (requested -> active):
  custom:graphics/normal-map-encoding: 01000000000000000000000000000000 -> 02000000000000000000000000000000
========================================================================
Received Prepare
Registering precompiled user dll's ...
Registered in 0.012214 seconds.
Begin MonoManager ReloadAssembly
Native extension for WindowsStandalone target not found
Refreshing native plugins compatible for Editor in 0.50 ms, found 2 plugins.
Preloading 0 native plugins for Editor in 0.00 ms.
Mono: successfully reloaded assembly
- Completed reload, in  1.792 seconds
Platform modules already initialized, skipping
Switching build target platform(19) subTarget(0) extendedPlatform(0) -> platform(13) subTarget(537395200) extendedPlatform(0)
Refreshing native plugins compatible for Editor in 0.38 ms, found 2 plugins.
Preloading 0 native plugins for Editor in 0.00 ms.
Unloading 1397 Unused Serialized files (Serialized files now loaded: 0)
System memory in use before: 69.1 MB.
System memory in use after: 69.2 MB.

Unloading 14 unused Assets to reduce memory usage. Loaded Objects now: 1972.
Total: 3.099400 ms (FindLiveObjects: 0.209800 ms CreateObjectMapping: 0.042500 ms MarkObjects: 2.768600 ms  DeleteObjects: 0.076600 ms)

AssetImportParameters requested are different than current active one (requested -> active):
  custom:graphics/normal-map-encoding: 01000000000000000000000000000000 -> 02000000000000000000000000000000
========================================================================
Received Prepare
Registering precompiled user dll's ...
Registered in 0.004975 seconds.
Begin MonoManager ReloadAssembly
Native extension for WindowsStandalone target not found
Refreshing native plugins compatible for Editor in 0.58 ms, found 2 plugins.
Preloading 0 native plugins for Editor in 0.00 ms.
Mono: successfully reloaded assembly
- Completed reload, in  1.880 seconds
Platform modules already initialized, skipping
Switching build target platform(19) subTarget(0) extendedPlatform(0) -> platform(13) subTarget(537395200) extendedPlatform(0)
Refreshing native plugins compatible for Editor in 0.40 ms, found 2 plugins.
Preloading 0 native plugins for Editor in 0.00 ms.
Unloading 1397 Unused Serialized files (Serialized files now loaded: 0)
System memory in use before: 69.1 MB.
System memory in use after: 69.2 MB.

Unloading 14 unused Assets to reduce memory usage. Loaded Objects now: 1975.
Total: 2.679200 ms (FindLiveObjects: 0.220100 ms CreateObjectMapping: 0.048800 ms MarkObjects: 2.334600 ms  DeleteObjects: 0.074000 ms)

AssetImportParameters requested are different than current active one (requested -> active):
  custom:graphics/normal-map-encoding: 01000000000000000000000000000000 -> 02000000000000000000000000000000
========================================================================
Received Prepare
Registering precompiled user dll's ...
Registered in 0.005072 seconds.
Begin MonoManager ReloadAssembly
Native extension for WindowsStandalone target not found
Refreshing native plugins compatible for Editor in 0.54 ms, found 2 plugins.
Preloading 0 native plugins for Editor in 0.00 ms.
Mono: successfully reloaded assembly
- Completed reload, in  1.819 seconds
Platform modules already initialized, skipping
Switching build target platform(19) subTarget(0) extendedPlatform(0) -> platform(13) subTarget(537395200) extendedPlatform(0)
Refreshing native plugins compatible for Editor in 0.57 ms, found 2 plugins.
Preloading 0 native plugins for Editor in 0.00 ms.
Unloading 1397 Unused Serialized files (Serialized files now loaded: 0)
System memory in use before: 69.1 MB.
System memory in use after: 69.2 MB.

Unloading 14 unused Assets to reduce memory usage. Loaded Objects now: 1978.
Total: 2.899800 ms (FindLiveObjects: 0.280900 ms CreateObjectMapping: 0.056100 ms MarkObjects: 2.486600 ms  DeleteObjects: 0.074400 ms)

AssetImportParameters requested are different than current active one (requested -> active):
  custom:graphics/normal-map-encoding: 01000000000000000000000000000000 -> 02000000000000000000000000000000
========================================================================
Received Prepare
Refreshing native plugins compatible for Editor in 7.85 ms, found 2 plugins.
Preloading 0 native plugins for Editor in 0.00 ms.
Unloading 12 Unused Serialized files (Serialized files now loaded: 0)
System memory in use before: 41.9 MB.
System memory in use after: 41.9 MB.

Unloading 12 unused Assets to reduce memory usage. Loaded Objects now: 1978.
Total: 3.712000 ms (FindLiveObjects: 0.360400 ms CreateObjectMapping: 0.133700 ms MarkObjects: 3.123100 ms  DeleteObjects: 0.092500 ms)

========================================================================
Received Import Request.
  Time since last request: 3216.872869 seconds.
  path: Assets/Scenes/Level1.unity
  artifactKey: Guid(9fc0d4010bbf28b4594072e72b8655ab) Importer(815301076,1909f56bfc062723c751e8b465ee728b)
Start importing Assets/Scenes/Level1.unity using Guid(9fc0d4010bbf28b4594072e72b8655ab) Importer(815301076,1909f56bfc062723c751e8b465ee728b)  -> (artifact id: '6660c555ac7bbef518c3474caf13eb33') in 0.017681 seconds
  Import took 0.021779 seconds .

========================================================================
Received Import Request.
  Time since last request: 67.960400 seconds.
  path: Assets/Resources/spider_black.prefab
  artifactKey: Guid(e37bc36b1c0a6ed4ba20a0e6ff4aa0ca) Importer(815301076,1909f56bfc062723c751e8b465ee728b)
Start importing Assets/Resources/spider_black.prefab using Guid(e37bc36b1c0a6ed4ba20a0e6ff4aa0ca) Importer(815301076,1909f56bfc062723c751e8b465ee728b)  -> (artifact id: '1f1bf998692c162ec52eca6b7dde6e63') in 0.182874 seconds
  Import took 0.186750 seconds .

========================================================================
Received Import Request.
  Time since last request: 9.469137 seconds.
  path: Assets/Resources/spider_black.prefab
  artifactKey: Guid(e37bc36b1c0a6ed4ba20a0e6ff4aa0ca) Importer(815301076,1909f56bfc062723c751e8b465ee728b)
Start importing Assets/Resources/spider_black.prefab using Guid(e37bc36b1c0a6ed4ba20a0e6ff4aa0ca) Importer(815301076,1909f56bfc062723c751e8b465ee728b)  -> (artifact id: '923fdca7a8f25fd04ef8e9fb2be3ed53') in 0.055848 seconds
  Import took 0.059948 seconds .

========================================================================
Received Import Request.
  Time since last request: 0.890435 seconds.
  path: Assets/Resources/spider_black.prefab
  artifactKey: Guid(e37bc36b1c0a6ed4ba20a0e6ff4aa0ca) Importer(815301076,1909f56bfc062723c751e8b465ee728b)
Start importing Assets/Resources/spider_black.prefab using Guid(e37bc36b1c0a6ed4ba20a0e6ff4aa0ca) Importer(815301076,1909f56bfc062723c751e8b465ee728b)  -> (artifact id: '44f45e32100d239b6b50f3745ad44221') in 0.052267 seconds
  Import took 0.056450 seconds .

========================================================================
Received Import Request.
  Time since last request: 3.045182 seconds.
  path: Assets/Resources/spider_brown.prefab
  artifactKey: Guid(d709de687b2fae64db9937e59ee33e13) Importer(815301076,1909f56bfc062723c751e8b465ee728b)
Start importing Assets/Resources/spider_brown.prefab using Guid(d709de687b2fae64db9937e59ee33e13) Importer(815301076,1909f56bfc062723c751e8b465ee728b)  -> (artifact id: 'b4863981459952d7ca8acf19035d58f6') in 0.052057 seconds
  Import took 0.056487 seconds .

========================================================================
Received Import Request.
  Time since last request: 0.008993 seconds.
  path: Assets/Resources/spider_brown.prefab
  artifactKey: Guid(d709de687b2fae64db9937e59ee33e13) Importer(815301076,1909f56bfc062723c751e8b465ee728b)
Start importing Assets/Resources/spider_brown.prefab using Guid(d709de687b2fae64db9937e59ee33e13) Importer(815301076,1909f56bfc062723c751e8b465ee728b)  -> (artifact id: 'b4863981459952d7ca8acf19035d58f6') in 0.048844 seconds
  Import took 0.053935 seconds .

========================================================================
Received Import Request.
  Time since last request: 4.240342 seconds.
  path: Assets/Resources/spider_brown.prefab
  artifactKey: Guid(d709de687b2fae64db9937e59ee33e13) Importer(815301076,1909f56bfc062723c751e8b465ee728b)
Start importing Assets/Resources/spider_brown.prefab using Guid(d709de687b2fae64db9937e59ee33e13) Importer(815301076,1909f56bfc062723c751e8b465ee728b)  -> (artifact id: '8dc2f4362ec7a39e283db0e748e75619') in 0.040620 seconds
  Import took 0.045222 seconds .

========================================================================
Received Import Request.
  Time since last request: 0.986253 seconds.
  path: Assets/Resources/spider_brown.prefab
  artifactKey: Guid(d709de687b2fae64db9937e59ee33e13) Importer(815301076,1909f56bfc062723c751e8b465ee728b)
Start importing Assets/Resources/spider_brown.prefab using Guid(d709de687b2fae64db9937e59ee33e13) Importer(815301076,1909f56bfc062723c751e8b465ee728b)  -> (artifact id: 'c358cdd93808bf941d293506addc1d43') in 0.042646 seconds
  Import took 0.047288 seconds .

========================================================================
Received Import Request.
  Time since last request: 6.630565 seconds.
  path: Assets/Resources/spider_green.prefab
  artifactKey: Guid(eeb18779e1e326840942a361cef3659e) Importer(815301076,1909f56bfc062723c751e8b465ee728b)
Start importing Assets/Resources/spider_green.prefab using Guid(eeb18779e1e326840942a361cef3659e) Importer(815301076,1909f56bfc062723c751e8b465ee728b)  -> (artifact id: 'a1884ddeea8314f9cf92e88e605acdfe') in 0.066507 seconds
  Import took 0.070626 seconds .

========================================================================
Received Import Request.
  Time since last request: 7.139271 seconds.
  path: Assets/Resources/spider_green.prefab
  artifactKey: Guid(eeb18779e1e326840942a361cef3659e) Importer(815301076,1909f56bfc062723c751e8b465ee728b)
Start importing Assets/Resources/spider_green.prefab using Guid(eeb18779e1e326840942a361cef3659e) Importer(815301076,1909f56bfc062723c751e8b465ee728b)  -> (artifact id: '81e1c238f26e3e02d0c4f1554524d571') in 0.056051 seconds
  Import took 0.060988 seconds .

========================================================================
Received Import Request.
  Time since last request: 1.358382 seconds.
  path: Assets/Resources/spider_green.prefab
  artifactKey: Guid(eeb18779e1e326840942a361cef3659e) Importer(815301076,1909f56bfc062723c751e8b465ee728b)
Start importing Assets/Resources/spider_green.prefab using Guid(eeb18779e1e326840942a361cef3659e) Importer(815301076,1909f56bfc062723c751e8b465ee728b)  -> (artifact id: '410b50222a3b7f44dc9da6b92344e8b7') in 0.050582 seconds
  Import took 0.055405 seconds .

========================================================================
Received Prepare
Registering precompiled user dll's ...
Registered in 0.005018 seconds.
Begin MonoManager ReloadAssembly
Native extension for WindowsStandalone target not found
Refreshing native plugins compatible for Editor in 0.45 ms, found 2 plugins.
Preloading 0 native plugins for Editor in 0.00 ms.
Mono: successfully reloaded assembly
- Completed reload, in  2.002 seconds
Platform modules already initialized, skipping
Switching build target platform(19) subTarget(0) extendedPlatform(0) -> platform(13) subTarget(537395200) extendedPlatform(0)
Refreshing native plugins compatible for Editor in 0.43 ms, found 2 plugins.
Preloading 0 native plugins for Editor in 0.00 ms.
Unloading 1397 Unused Serialized files (Serialized files now loaded: 0)
System memory in use before: 82.8 MB.
System memory in use after: 82.9 MB.

Unloading 14 unused Assets to reduce memory usage. Loaded Objects now: 1983.
Total: 2.539000 ms (FindLiveObjects: 0.211300 ms CreateObjectMapping: 0.041700 ms MarkObjects: 2.211000 ms  DeleteObjects: 0.073200 ms)

AssetImportParameters requested are different than current active one (requested -> active):
  custom:graphics/normal-map-encoding: 01000000000000000000000000000000 -> 02000000000000000000000000000000
========================================================================
Received Import Request.
  Time since last request: 10.359260 seconds.
  path: Assets/Resources/spider_green.prefab
  artifactKey: Guid(eeb18779e1e326840942a361cef3659e) Importer(815301076,1909f56bfc062723c751e8b465ee728b)
Start importing Assets/Resources/spider_green.prefab using Guid(eeb18779e1e326840942a361cef3659e) Importer(815301076,1909f56bfc062723c751e8b465ee728b)  -> (artifact id: 'b22cd6339c149d2a6cb1eb4bd4fee6b7') in 0.380722 seconds
  Import took 0.384599 seconds .

========================================================================
Received Import Request.
  Time since last request: 12.888900 seconds.
  path: Assets/Resources/spider_black.prefab
  artifactKey: Guid(e37bc36b1c0a6ed4ba20a0e6ff4aa0ca) Importer(815301076,1909f56bfc062723c751e8b465ee728b)
Start importing Assets/Resources/spider_black.prefab using Guid(e37bc36b1c0a6ed4ba20a0e6ff4aa0ca) Importer(815301076,1909f56bfc062723c751e8b465ee728b)  -> (artifact id: 'dede4a88bcb20e628371f4bcdf9db6b4') in 0.056478 seconds
  Import took 0.060963 seconds .

========================================================================
Received Import Request.
  Time since last request: 5.398368 seconds.
  path: Assets/Resources/spider_black.prefab
  artifactKey: Guid(e37bc36b1c0a6ed4ba20a0e6ff4aa0ca) Importer(815301076,1909f56bfc062723c751e8b465ee728b)
Start importing Assets/Resources/spider_black.prefab using Guid(e37bc36b1c0a6ed4ba20a0e6ff4aa0ca) Importer(815301076,1909f56bfc062723c751e8b465ee728b)  -> (artifact id: 'c9369ffbab80aba22e57e8206a8baa1d') in 0.059801 seconds
  Import took 0.064266 seconds .

========================================================================
Received Import Request.
  Time since last request: 1.795685 seconds.
  path: Assets/Resources/spider_black.prefab
  artifactKey: Guid(e37bc36b1c0a6ed4ba20a0e6ff4aa0ca) Importer(815301076,1909f56bfc062723c751e8b465ee728b)
Start importing Assets/Resources/spider_black.prefab using Guid(e37bc36b1c0a6ed4ba20a0e6ff4aa0ca) Importer(815301076,1909f56bfc062723c751e8b465ee728b)  -> (artifact id: '644693a5975e0644a37b286af1ca599f') in 0.046686 seconds
  Import took 0.051081 seconds .

========================================================================
Received Import Request.
  Time since last request: 3.530556 seconds.
  path: Assets/Resources/spider_brown.prefab
  artifactKey: Guid(d709de687b2fae64db9937e59ee33e13) Importer(815301076,1909f56bfc062723c751e8b465ee728b)
Start importing Assets/Resources/spider_brown.prefab using Guid(d709de687b2fae64db9937e59ee33e13) Importer(815301076,1909f56bfc062723c751e8b465ee728b)  -> (artifact id: '1341fc092d301cc73612481fe642871b') in 0.047694 seconds
  Import took 0.052049 seconds .

========================================================================
Received Import Request.
  Time since last request: 5.749527 seconds.
  path: Assets/Resources/spider_brown.prefab
  artifactKey: Guid(d709de687b2fae64db9937e59ee33e13) Importer(815301076,1909f56bfc062723c751e8b465ee728b)
Start importing Assets/Resources/spider_brown.prefab using Guid(d709de687b2fae64db9937e59ee33e13) Importer(815301076,1909f56bfc062723c751e8b465ee728b)  -> (artifact id: '10541decb69d2139f2c615133928635c') in 0.050870 seconds
  Import took 0.055136 seconds .

========================================================================
Received Import Request.
  Time since last request: 1.757814 seconds.
  path: Assets/Resources/spider_brown.prefab
  artifactKey: Guid(d709de687b2fae64db9937e59ee33e13) Importer(815301076,1909f56bfc062723c751e8b465ee728b)
Start importing Assets/Resources/spider_brown.prefab using Guid(d709de687b2fae64db9937e59ee33e13) Importer(815301076,1909f56bfc062723c751e8b465ee728b)  -> (artifact id: 'a6a49e2154c9dc1da26b86f408cce6d8') in 0.037666 seconds
  Import took 0.042235 seconds .

========================================================================
Received Import Request.
  Time since last request: 7.058373 seconds.
  path: Assets/Resources/spider_green.prefab
  artifactKey: Guid(eeb18779e1e326840942a361cef3659e) Importer(815301076,1909f56bfc062723c751e8b465ee728b)
Start importing Assets/Resources/spider_green.prefab using Guid(eeb18779e1e326840942a361cef3659e) Importer(815301076,1909f56bfc062723c751e8b465ee728b)  -> (artifact id: '26899af5c065b4b32d4ceb05c4e40be2') in 0.061673 seconds
  Import took 0.065813 seconds .

========================================================================
Received Import Request.
  Time since last request: 4.276902 seconds.
  path: Assets/Resources/spider_green.prefab
  artifactKey: Guid(eeb18779e1e326840942a361cef3659e) Importer(815301076,1909f56bfc062723c751e8b465ee728b)
Start importing Assets/Resources/spider_green.prefab using Guid(eeb18779e1e326840942a361cef3659e) Importer(815301076,1909f56bfc062723c751e8b465ee728b)  -> (artifact id: 'c1885b03ea69b31dbc592db45ce48761') in 0.044110 seconds
  Import took 0.048330 seconds .

========================================================================
Received Prepare
Registering precompiled user dll's ...
Registered in 0.003939 seconds.
Begin MonoManager ReloadAssembly
Native extension for WindowsStandalone target not found
Refreshing native plugins compatible for Editor in 0.64 ms, found 2 plugins.
Preloading 0 native plugins for Editor in 0.00 ms.
Mono: successfully reloaded assembly
- Completed reload, in  2.085 seconds
Platform modules already initialized, skipping
Switching build target platform(19) subTarget(0) extendedPlatform(0) -> platform(13) subTarget(537395200) extendedPlatform(0)
Refreshing native plugins compatible for Editor in 0.66 ms, found 2 plugins.
Preloading 0 native plugins for Editor in 0.00 ms.
Unloading 1397 Unused Serialized files (Serialized files now loaded: 0)
System memory in use before: 83.0 MB.
System memory in use after: 83.1 MB.

Unloading 14 unused Assets to reduce memory usage. Loaded Objects now: 1987.
Total: 2.971000 ms (FindLiveObjects: 0.195600 ms CreateObjectMapping: 0.036600 ms MarkObjects: 2.645700 ms  DeleteObjects: 0.090300 ms)

AssetImportParameters requested are different than current active one (requested -> active):
  custom:graphics/normal-map-encoding: 01000000000000000000000000000000 -> 02000000000000000000000000000000
========================================================================
Received Import Request.
  Time since last request: 9.912340 seconds.
  path: Assets/Resources/spider_green.prefab
  artifactKey: Guid(eeb18779e1e326840942a361cef3659e) Importer(815301076,1909f56bfc062723c751e8b465ee728b)
Start importing Assets/Resources/spider_green.prefab using Guid(eeb18779e1e326840942a361cef3659e) Importer(815301076,1909f56bfc062723c751e8b465ee728b)  -> (artifact id: '5c78b886377d7c01d25cd0f661699c88') in 0.122905 seconds
  Import took 0.129184 seconds .

========================================================================
Received Prepare
Refreshing native plugins compatible for Editor in 4.02 ms, found 2 plugins.
Preloading 0 native plugins for Editor in 0.00 ms.
Unloading 12 Unused Serialized files (Serialized files now loaded: 0)
System memory in use before: 56.3 MB.
System memory in use after: 56.4 MB.

Unloading 12 unused Assets to reduce memory usage. Loaded Objects now: 1988.
Total: 3.024900 ms (FindLiveObjects: 0.226900 ms CreateObjectMapping: 0.040500 ms MarkObjects: 2.684300 ms  DeleteObjects: 0.070700 ms)

========================================================================
Received Prepare
Registering precompiled user dll's ...
Registered in 0.006156 seconds.
Begin MonoManager ReloadAssembly
Native extension for WindowsStandalone target not found
Refreshing native plugins compatible for Editor in 0.44 ms, found 2 plugins.
Preloading 0 native plugins for Editor in 0.00 ms.
Mono: successfully reloaded assembly
- Completed reload, in  2.002 seconds
Platform modules already initialized, skipping
Switching build target platform(19) subTarget(0) extendedPlatform(0) -> platform(13) subTarget(537395200) extendedPlatform(0)
Refreshing native plugins compatible for Editor in 0.56 ms, found 2 plugins.
Preloading 0 native plugins for Editor in 0.00 ms.
Unloading 1397 Unused Serialized files (Serialized files now loaded: 0)
System memory in use before: 83.0 MB.
System memory in use after: 83.1 MB.

Unloading 14 unused Assets to reduce memory usage. Loaded Objects now: 1991.
Total: 3.571000 ms (FindLiveObjects: 0.289200 ms CreateObjectMapping: 0.058000 ms MarkObjects: 3.123600 ms  DeleteObjects: 0.097600 ms)

AssetImportParameters requested are different than current active one (requested -> active):
  custom:graphics/normal-map-encoding: 01000000000000000000000000000000 -> 02000000000000000000000000000000
========================================================================
Received Prepare
Registering precompiled user dll's ...
Registered in 0.007097 seconds.
Begin MonoManager ReloadAssembly
Native extension for WindowsStandalone target not found
Refreshing native plugins compatible for Editor in 0.46 ms, found 2 plugins.
Preloading 0 native plugins for Editor in 0.00 ms.
Mono: successfully reloaded assembly
- Completed reload, in  2.669 seconds
Platform modules already initialized, skipping
Switching build target platform(19) subTarget(0) extendedPlatform(0) -> platform(13) subTarget(537395200) extendedPlatform(0)
Refreshing native plugins compatible for Editor in 0.69 ms, found 2 plugins.
Preloading 0 native plugins for Editor in 0.00 ms.
Unloading 1397 Unused Serialized files (Serialized files now loaded: 0)
System memory in use before: 83.0 MB.
System memory in use after: 83.1 MB.

Unloading 14 unused Assets to reduce memory usage. Loaded Objects now: 1994.
Total: 3.209800 ms (FindLiveObjects: 0.287300 ms CreateObjectMapping: 0.054900 ms MarkObjects: 2.771900 ms  DeleteObjects: 0.093900 ms)

AssetImportParameters requested are different than current active one (requested -> active):
  custom:graphics/normal-map-encoding: 01000000000000000000000000000000 -> 02000000000000000000000000000000
========================================================================
Received Prepare
Refreshing native plugins compatible for Editor in 4.03 ms, found 2 plugins.
Preloading 0 native plugins for Editor in 0.00 ms.
Unloading 12 Unused Serialized files (Serialized files now loaded: 0)
System memory in use before: 55.7 MB.
System memory in use after: 55.8 MB.

Unloading 12 unused Assets to reduce memory usage. Loaded Objects now: 1994.
Total: 3.799000 ms (FindLiveObjects: 1.043200 ms CreateObjectMapping: 0.062800 ms MarkObjects: 2.614500 ms  DeleteObjects: 0.077000 ms)

========================================================================
Received Prepare
Registering precompiled user dll's ...
Registered in 0.003835 seconds.
Begin MonoManager ReloadAssembly
Native extension for WindowsStandalone target not found
Refreshing native plugins compatible for Editor in 0.62 ms, found 2 plugins.
Preloading 0 native plugins for Editor in 0.00 ms.
Mono: successfully reloaded assembly
- Completed reload, in  1.800 seconds
Platform modules already initialized, skipping
Switching build target platform(19) subTarget(0) extendedPlatform(0) -> platform(13) subTarget(537395200) extendedPlatform(0)
Refreshing native plugins compatible for Editor in 0.60 ms, found 2 plugins.
Preloading 0 native plugins for Editor in 0.00 ms.
Unloading 1397 Unused Serialized files (Serialized files now loaded: 0)
System memory in use before: 83.0 MB.
System memory in use after: 83.1 MB.

Unloading 14 unused Assets to reduce memory usage. Loaded Objects now: 1997.
Total: 2.888000 ms (FindLiveObjects: 0.240000 ms CreateObjectMapping: 0.050300 ms MarkObjects: 2.511400 ms  DeleteObjects: 0.084700 ms)

AssetImportParameters requested are different than current active one (requested -> active):
  custom:graphics/normal-map-encoding: 01000000000000000000000000000000 -> 02000000000000000000000000000000
AssetImportWorkerClient::OnTransportError - code=2 error=End of file
